<?xml version="1.0" encoding="UTF-8"?>
<!-- Generated by org.testng.reporters.JUnitXMLReporter -->
<testsuite hostname="INL-DVDNLC2" name="SystemTestCCHOME1.1" tests="2" failures="2" timestamp="27 Jun 2017 06:29:39 GMT" time="21.997" errors="0">
  <testcase name="verifyClaimAutomationHistoryUpdateTest" time="3.378" classname="com.cgi.flex.testCases.ClaimCenter">
    <failure type="java.lang.NullPointerException">
      <![CDATA[java.lang.NullPointerException
	at com.relevantcodes.extentreports.ExtentTest.isPathRelative(ExtentTest.java:491)
	at com.relevantcodes.extentreports.ExtentTest.addScreenCapture(ExtentTest.java:276)
	at com.cgi.flex.testCases.ClaimCenter.verifyClaimAutomationHistoryUpdateTest(ClaimCenter.java:3079)
... Removed 24 stack frames]]>
    </failure>
  </testcase> <!-- verifyClaimAutomationHistoryUpdateTest -->
  <testcase name="newClaimWithCancelledPolicyTest" time="3.048" classname="com.cgi.flex.testCases.ClaimCenter">
    <failure type="java.lang.NullPointerException">
      <![CDATA[java.lang.NullPointerException
	at com.relevantcodes.extentreports.ExtentTest.isPathRelative(ExtentTest.java:491)
	at com.relevantcodes.extentreports.ExtentTest.addScreenCapture(ExtentTest.java:276)
	at com.cgi.flex.testCases.ClaimCenter.newClaimWithCancelledPolicyTest(ClaimCenter.java:3189)
... Removed 24 stack frames]]>
    </failure>
  </testcase> <!-- newClaimWithCancelledPolicyTest -->
</testsuite> <!-- SystemTestCCHOME1.1 -->
